<?xml version="1.0" ?>
<coverage version="7.10.7" timestamp="1759096027997" lines-valid="9" lines-covered="8" line-rate="0.8889" branches-covered="0" branches-valid="0" branch-rate="0" complexity="0">
	<!-- Generated by coverage.py: https://coverage.readthedocs.io/en/7.10.7 -->
	<!-- Based on https://raw.githubusercontent.com/cobertura/web/master/htdocs/xml/coverage-04.dtd -->
	<sources>
		<source>/Users/mstudio/Library/Mobile Documents/com~apple~CloudDocs/dev/aurum</source>
	</sources>
	<packages>
		<package name="src.aurum.tenancy" line-rate="0.8889" branch-rate="0" complexity="0">
			<classes>
				<class name="runtime.py" filename="src/aurum/tenancy/runtime.py" complexity="0" line-rate="0.8889" branch-rate="0">
					<methods/>
					<lines>
						<line number="2" hits="1"/>
						<line number="4" hits="1"/>
						<line number="6" hits="1"/>
						<line number="8" hits="1"/>
						<line number="11" hits="1"/>
						<line number="14" hits="1"/>
						<line number="17" hits="1"/>
						<line number="19" hits="0"/>
						<line number="22" hits="1"/>
					</lines>
				</class>
			</classes>
		</package>
	</packages>
</coverage>
